10:27:34.046 [main] INFO  c.t.t.TrainTicketApplication - Starting TrainTicketApplication using Java 1.8.0_131 on LAPTOP-FN74N3OA with PID 9072 (D:\workspace\IdeaProjects\train-ticket\train-ticket\target\classes started by xyx in D:\workspace\IdeaProjects\train-ticket\train-ticket)
10:27:34.050 [main] INFO  c.t.t.TrainTicketApplication - No active profile set, falling back to 1 default profile: "default"
10:27:35.175 [main] WARN  o.m.s.mapper.ClassPathMapperScanner - No MyBatis mapper was found in '[com.ticket.trainticket]' package. Please check your configuration.
10:27:35.774 [main] INFO  o.s.b.w.e.tomcat.TomcatWebServer - Tomcat initialized with port(s): 8081 (http)
10:27:35.785 [main] INFO  o.a.coyote.http11.Http11NioProtocol - Initializing ProtocolHandler ["http-nio-8081"]
10:27:35.786 [main] INFO  o.a.catalina.core.StandardService - Starting service [Tomcat]
10:27:35.786 [main] INFO  o.a.catalina.core.StandardEngine - Starting Servlet engine: [Apache Tomcat/9.0.65]
10:27:35.960 [main] INFO  o.a.c.c.C.[Tomcat].[localhost].[/] - Initializing Spring embedded WebApplicationContext
10:27:35.960 [main] INFO  o.s.b.w.s.c.ServletWebServerApplicationContext - Root WebApplicationContext: initialization completed in 1836 ms
10:27:36.373 [main] WARN  o.s.b.a.t.ThymeleafAutoConfiguration$DefaultTemplateResolverConfiguration - Cannot find template location: classpath:/templates/ (please add some templates or check your Thymeleaf configuration)
10:27:36.403 [main] WARN  o.s.b.w.s.c.AnnotationConfigServletWebServerApplicationContext - Exception encountered during context initialization - cancelling refresh attempt: org.springframework.beans.factory.BeanCreationException: Error creating bean with name 'dataSource' defined in class path resource [org/springframework/boot/autoconfigure/jdbc/DataSourceConfiguration$Hikari.class]: Bean instantiation via factory method failed; nested exception is org.springframework.beans.BeanInstantiationException: Failed to instantiate [com.zaxxer.hikari.HikariDataSource]: Factory method 'dataSource' threw exception; nested exception is org.springframework.boot.autoconfigure.jdbc.DataSourceProperties$DataSourceBeanCreationException: Failed to determine a suitable driver class
10:27:36.407 [main] INFO  o.a.catalina.core.StandardService - Stopping service [Tomcat]
10:27:36.426 [main] INFO  o.s.b.a.l.ConditionEvaluationReportLoggingListener - 

Error starting ApplicationContext. To display the conditions report re-run your application with 'debug' enabled.
10:27:36.455 [main] ERROR o.s.b.d.LoggingFailureAnalysisReporter - 

***************************
APPLICATION FAILED TO START
***************************

Description:

Failed to configure a DataSource: 'url' attribute is not specified and no embedded datasource could be configured.

Reason: Failed to determine a suitable driver class


Action:

Consider the following:
	If you want an embedded database (H2, HSQL or Derby), please put it on the classpath.
	If you have database settings to be loaded from a particular profile you may need to activate it (no profiles are currently active).

10:31:58.044 [main] INFO  c.t.t.TrainTicketApplication - Starting TrainTicketApplication using Java 1.8.0_131 on LAPTOP-FN74N3OA with PID 20408 (D:\workspace\IdeaProjects\train-ticket\train-ticket\target\classes started by xyx in D:\workspace\IdeaProjects\train-ticket\train-ticket)
10:31:58.051 [main] INFO  c.t.t.TrainTicketApplication - No active profile set, falling back to 1 default profile: "default"
10:31:59.440 [main] WARN  o.m.s.mapper.ClassPathMapperScanner - No MyBatis mapper was found in '[com.ticket.trainticket]' package. Please check your configuration.
10:32:00.402 [main] INFO  o.s.b.w.e.tomcat.TomcatWebServer - Tomcat initialized with port(s): 8081 (http)
10:32:00.423 [main] INFO  o.a.coyote.http11.Http11NioProtocol - Initializing ProtocolHandler ["http-nio-8081"]
10:32:00.425 [main] INFO  o.a.catalina.core.StandardService - Starting service [Tomcat]
10:32:00.426 [main] INFO  o.a.catalina.core.StandardEngine - Starting Servlet engine: [Apache Tomcat/9.0.65]
10:32:00.837 [main] INFO  o.a.c.c.C.[Tomcat].[localhost].[/] - Initializing Spring embedded WebApplicationContext
10:32:00.838 [main] INFO  o.s.b.w.s.c.ServletWebServerApplicationContext - Root WebApplicationContext: initialization completed in 2666 ms
10:32:01.719 [main] WARN  o.s.b.a.t.ThymeleafAutoConfiguration$DefaultTemplateResolverConfiguration - Cannot find template location: classpath:/templates/ (please add some templates or check your Thymeleaf configuration)
10:32:01.762 [main] WARN  o.s.b.w.s.c.AnnotationConfigServletWebServerApplicationContext - Exception encountered during context initialization - cancelling refresh attempt: org.springframework.beans.factory.BeanCreationException: Error creating bean with name 'dataSource' defined in class path resource [org/springframework/boot/autoconfigure/jdbc/DataSourceConfiguration$Hikari.class]: Bean instantiation via factory method failed; nested exception is org.springframework.beans.BeanInstantiationException: Failed to instantiate [com.zaxxer.hikari.HikariDataSource]: Factory method 'dataSource' threw exception; nested exception is org.springframework.boot.autoconfigure.jdbc.DataSourceProperties$DataSourceBeanCreationException: Failed to determine a suitable driver class
10:32:01.769 [main] INFO  o.a.catalina.core.StandardService - Stopping service [Tomcat]
10:32:01.803 [main] INFO  o.s.b.a.l.ConditionEvaluationReportLoggingListener - 

Error starting ApplicationContext. To display the conditions report re-run your application with 'debug' enabled.
10:32:01.942 [main] ERROR o.s.b.d.LoggingFailureAnalysisReporter - 

***************************
APPLICATION FAILED TO START
***************************

Description:

Failed to configure a DataSource: 'url' attribute is not specified and no embedded datasource could be configured.

Reason: Failed to determine a suitable driver class


Action:

Consider the following:
	If you want an embedded database (H2, HSQL or Derby), please put it on the classpath.
	If you have database settings to be loaded from a particular profile you may need to activate it (no profiles are currently active).

10:32:58.186 [main] INFO  c.t.t.TrainTicketApplication - Starting TrainTicketApplication using Java 1.8.0_131 on LAPTOP-FN74N3OA with PID 18004 (D:\workspace\IdeaProjects\train-ticket\train-ticket\target\classes started by xyx in D:\workspace\IdeaProjects\train-ticket\train-ticket)
10:32:58.193 [main] INFO  c.t.t.TrainTicketApplication - No active profile set, falling back to 1 default profile: "default"
10:32:59.080 [main] WARN  o.m.s.mapper.ClassPathMapperScanner - No MyBatis mapper was found in '[com.ticket.trainticket]' package. Please check your configuration.
10:32:59.566 [main] INFO  o.s.b.w.e.tomcat.TomcatWebServer - Tomcat initialized with port(s): 8081 (http)
10:32:59.576 [main] INFO  o.a.coyote.http11.Http11NioProtocol - Initializing ProtocolHandler ["http-nio-8081"]
10:32:59.577 [main] INFO  o.a.catalina.core.StandardService - Starting service [Tomcat]
10:32:59.577 [main] INFO  o.a.catalina.core.StandardEngine - Starting Servlet engine: [Apache Tomcat/9.0.65]
10:32:59.738 [main] INFO  o.a.c.c.C.[Tomcat].[localhost].[/] - Initializing Spring embedded WebApplicationContext
10:32:59.739 [main] INFO  o.s.b.w.s.c.ServletWebServerApplicationContext - Root WebApplicationContext: initialization completed in 1476 ms
10:33:00.119 [main] WARN  o.s.b.a.t.ThymeleafAutoConfiguration$DefaultTemplateResolverConfiguration - Cannot find template location: classpath:/templates/ (please add some templates or check your Thymeleaf configuration)
10:33:00.411 [main] INFO  o.a.coyote.http11.Http11NioProtocol - Starting ProtocolHandler ["http-nio-8081"]
10:33:00.432 [main] INFO  o.s.b.w.e.tomcat.TomcatWebServer - Tomcat started on port(s): 8081 (http) with context path ''
10:33:00.443 [main] INFO  c.t.t.TrainTicketApplication - Started TrainTicketApplication in 2.816 seconds (JVM running for 5.135)
